0.933613215922378,$121,$0,$0,$70,$17,$92,$c6,$70,$17
0.9337844019755721,$122,$81,$5a,$a9,$49,$b
0.9338247280102223,$101,$3e,$a,$0
0.9338559149764478,$112,$0,$0,$0,$0,$41,$0
0.9338851129868999,$114,$0,$0,$0,$0,$0,$0,$3d
0.9339159769006073,$119,$0,$0,$1,$0,$0,$0,$0,$0
0.9339741949224845,$131,$0,$0,$0,$0,$0,$0,$0
0.988219010992907,$121,$0,$0,$a0,$18,$92,$c6,$a0,$18
1.0413165549980476,$121,$0,$0,$d0,$19,$92,$c6,$d0,$19
1.0940737379714847,$121,$0,$0,$ff,$1a,$92,$c6,$ff,$1a
1.1612033699639142,$121,$0,$0,$2b,$1c,$92,$c6,$2b,$1c
1.2157183119561523,$121,$0,$0,$55,$1d,$92,$c6,$55,$1d
1.2705549499951303,$121,$0,$0,$7a,$1e,$92,$c6,$7a,$1e
1.324672271963209,$121,$0,$0,$9b,$1f,$92,$c6,$9b,$1f
1.3789581129094586,$121,$0,$0,$b7,$20,$92,$c6,$b7,$20
1.4294900340028107,$121,$0,$0,$cd,$21,$92,$c6,$cd,$21
1.4840946359327063,$121,$0,$0,$dc,$22,$92,$c6,$dc,$22
1.4841746829915792,$119,$0,$0,$0,$0,$0,$0,$0,$1
1.4842075729975477,$101,$3e,$a,$1
1.5347365899942815,$121,$0,$0,$e4,$23,$92,$c6,$e4,$23
1.589480870985426,$121,$0,$0,$e4,$24,$92,$c6,$e4,$24
1.6443832529475912,$121,$0,$0,$db,$25,$92,$c6,$db,$25
1.6963402800029144,$121,$0,$0,$c9,$26,$92,$c6,$c9,$26
1.750124613987282,$121,$0,$0,$ad,$27,$92,$c6,$ad,$27
1.8016882819356397,$121,$0,$0,$87,$28,$92,$c6,$87,$28
1.8569160089828074,$121,$0,$0,$56,$29,$92,$c6,$56,$29
1.9118251519976184,$121,$0,$0,$1a,$2a,$92,$c6,$1a,$2a
1.9670000219484791,$121,$0,$0,$d1,$2a,$92,$c6,$d1,$2a
2.0219207409536466,$121,$0,$0,$7c,$2b,$92,$c6,$7c,$2b
2.0220081539591774,$119,$0,$0,$1,$0,$0,$0,$0,$2
2.0220418779645115,$101,$3e,$a,$0
2.0770490949507803,$121,$0,$0,$1b,$2c,$92,$c6,$1b,$2c
2.1319134349469095,$121,$0,$0,$ac,$2c,$92,$c6,$ac,$2c
2.184745287988335,$121,$0,$0,$2f,$2d,$92,$c6,$2f,$2d
2.2396429759683087,$121,$0,$0,$a5,$2d,$92,$c6,$a5,$2d
2.292941889958456,$121,$0,$0,$c,$2e,$92,$c6,$c,$2e
2.347710030968301,$121,$0,$0,$65,$2e,$92,$c6,$65,$2e
2.4028002109844238,$121,$0,$0,$af,$2e,$92,$c6,$af,$2e
2.4531555050052702,$121,$0,$0,$eb,$2e,$92,$c6,$e0,$2e
2.5066853599855676,$121,$0,$0,$17,$2f,$92,$c6,$e0,$2e
2.560012980015017,$121,$0,$0,$34,$2f,$92,$c6,$e0,$2e
2.560086979996413,$119,$0,$0,$0,$0,$0,$0,$0,$3
2.560120571986772,$101,$3e,$a,$1
2.6144102789694443,$121,$0,$0,$42,$2f,$92,$c6,$e0,$2e
2.6692188939778134,$121,$0,$0,$41,$2f,$92,$c6,$e0,$2e
2.7235898280050606,$121,$0,$0,$30,$2f,$92,$c6,$e0,$2e
2.7767420859308913,$121,$0,$0,$11,$2f,$92,$c6,$e0,$2e
2.831744314986281,$121,$0,$0,$e2,$2e,$92,$c6,$e0,$2e
2.8866732799215242,$121,$0,$0,$a4,$2e,$92,$c6,$a4,$2e
2.937614006921649,$121,$0,$0,$57,$2e,$92,$c6,$57,$2e
2.993430558941327,$121,$0,$0,$fc,$2d,$92,$c6,$fc,$2d
3.0484322539996356,$121,$0,$0,$92,$2d,$92,$c6,$92,$2d
3.099963952903636,$121,$0,$0,$1a,$2d,$77,$7f,$1a,$2d
3.1002519839676097,$122,$39,$b1,$1f,$35,$3f
3.100460340967402,$101,$57,$17,$0
3.1006475229514763,$112,$0,$0,$0,$0,$78,$0
3.100739844958298,$114,$0,$0,$0,$0,$0,$0,$13
3.1008010079385713,$119,$0,$0,$1,$0,$0,$0,$0,$4
3.155023847008124,$121,$0,$0,$94,$2c,$77,$7f,$94,$2c
3.2086963430047035,$121,$0,$0,$1,$2c,$77,$7f,$1,$2c
3.262202417012304,$121,$0,$0,$61,$2b,$77,$7f,$61,$2b
3.317180947982706,$121,$0,$0,$b3,$2a,$77,$7f,$b3,$2a
3.3680583619279787,$121,$0,$0,$fa,$29,$77,$7f,$fa,$29
3.4235098679782823,$121,$0,$0,$34,$29,$77,$7f,$34,$29
3.4749581419164315,$121,$0,$0,$63,$28,$77,$7f,$63,$28
3.5295000419719145,$121,$0,$0,$88,$27,$77,$7f,$88,$27
3.5810579659882933,$121,$0,$0,$a2,$26,$77,$7f,$a2,$26
3.635159989935346,$121,$0,$0,$b2,$25,$77,$7f,$b2,$25
3.635364577989094,$119,$0,$0,$0,$0,$0,$0,$0,$0
3.6354558640159667,$101,$57,$17,$1
3.6897978639462963,$121,$0,$0,$b9,$24,$77,$7f,$b9,$24
3.7442021740134805,$121,$0,$0,$b8,$23,$77,$7f,$b8,$23
3.7970352869015187,$121,$0,$0,$af,$22,$77,$7f,$af,$22
3.8512731079244986,$121,$0,$0,$9f,$21,$77,$7f,$9f,$21
3.9044758540112525,$121,$0,$0,$88,$20,$77,$7f,$88,$20
3.959094084915705,$121,$0,$0,$6b,$1f,$77,$7f,$6b,$1f
4.013836639933288,$121,$0,$0,$49,$1e,$77,$7f,$49,$1e
4.068686523940414,$121,$0,$0,$23,$1d,$77,$7f,$23,$1d
4.122053109924309,$121,$0,$0,$f9,$1b,$77,$7f,$f9,$1b
4.177337138913572,$121,$0,$0,$cc,$1a,$77,$7f,$cc,$1a
4.177608507918194,$119,$0,$0,$1,$0,$0,$0,$0,$1
4.177820677985437,$101,$57,$17,$0
4.232640145928599,$121,$0,$0,$9d,$19,$77,$7f,$9d,$19
4.2868099209154025,$121,$0,$0,$6d,$18,$77,$7f,$6d,$18
4.341501729912125,$121,$0,$0,$3c,$17,$77,$7f,$3c,$17
4.395493090967648,$121,$0,$0,$b,$16,$77,$7f,$b,$16
4.41014347190503,$131,$0,$0,$0,$1,$0,$0,$0
4.447535931947641,$121,$0,$0,$dc,$14,$77,$7f,$dc,$14
4.5022731479257345,$121,$0,$0,$ad,$13,$77,$7f,$ad,$13
4.554543402977288,$121,$0,$0,$81,$12,$77,$7f,$81,$12
4.580700597958639,$131,$0,$0,$0,$0,$0,$0,$0
4.609383311937563,$121,$0,$0,$59,$11,$77,$7f,$59,$11
4.663975408999249,$121,$0,$0,$34,$10,$77,$7f,$34,$10
4.718655631993897,$121,$0,$0,$14,$f,$77,$7f,$14,$f
4.7188662849366665,$119,$0,$0,$0,$0,$0,$0,$0,$2
4.7189918119693175,$101,$57,$17,$1
4.772693061968312,$121,$0,$0,$f9,$d,$77,$7f,$f9,$d
4.8122470589587465,$131,$0,$0,$0,$1,$0,$0,$0
4.827181126922369,$121,$0,$0,$e4,$c,$77,$7f,$e4,$c
4.8809760679723695,$121,$0,$0,$d6,$b,$77,$7f,$d6,$b
4.934246486984193,$121,$0,$0,$cf,$a,$77,$7f,$cf,$a
4.93852786696516,$131,$0,$0,$0,$0,$0,$0,$0
4.989116361015476,$121,$0,$0,$d1,$9,$77,$7f,$d1,$9
5.042747236904688,$121,$0,$0,$db,$8,$77,$7f,$db,$8
5.096398053923622,$121,$0,$0,$ef,$7,$77,$7f,$ef,$7
5.117877312935889,$131,$0,$0,$0,$1,$0,$0,$0
5.151551137911156,$121,$0,$0,$c,$7,$77,$7f,$c,$7
5.202852251008153,$121,$0,$0,$34,$6,$77,$7f,$34,$6
5.244015647913329,$131,$0,$0,$0,$0,$0,$0,$0
5.258286693948321,$121,$0,$0,$67,$5,$17,$ae,$67,$5
5.258644241956063,$122,$40,$ac,$64,$f5,$27
5.258878740947694,$101,$f,$1d,$0
5.25892599998042,$112,$0,$0,$0,$0,$ea,$1
5.2589624129468575,$114,$0,$0,$0,$0,$0,$0,$11
5.2589966129744425,$119,$0,$0,$1,$0,$0,$0,$0,$3
5.31176832690835,$121,$0,$0,$a5,$4,$17,$ae,$a5,$4
5.3669613159727305,$121,$0,$0,$f0,$3,$17,$ae,$f0,$3
5.422204175963998,$121,$0,$0,$47,$3,$17,$ae,$47,$3
5.476644787937403,$121,$0,$0,$ab,$2,$17,$ae,$ab,$2
5.502166347927414,$131,$0,$1,$0,$0,$0,$0,$0
5.527401336003095,$121,$0,$0,$1c,$2,$17,$ae,$1c,$2
5.550416706944816,$131,$0,$0,$0,$0,$0,$0,$0
5.581375364912674,$121,$0,$0,$9b,$1,$17,$ae,$9b,$1
5.632166986004449,$121,$0,$0,$28,$1,$17,$ae,$28,$1
5.6868023469578475,$121,$0,$0,$c3,$0,$17,$ae,$c3,$0
5.74082396493759,$121,$0,$0,$6c,$0,$17,$ae,$6c,$0
5.79235018696636,$121,$0,$0,$25,$0,$17,$ae,$25,$0
5.792515486944467,$119,$0,$0,$0,$0,$0,$0,$0,$4
5.792581664980389,$101,$f,$1d,$1
5.806536006974056,$131,$0,$0,$0,$1,$0,$0,$0
5.847926981979981,$121,$0,$0,$0,$0,$17,$ae,$0,$0
5.900990484980866,$121,$0,$0,$0,$0,$17,$ae,$0,$0
5.934494249988347,$131,$0,$0,$0,$0,$0,$0,$0
5.955586236901581,$121,$0,$0,$0,$0,$17,$ae,$0,$0
6.010699659935199,$121,$0,$0,$0,$0,$17,$ae,$0,$0
6.064753476995975,$121,$0,$0,$0,$0,$17,$ae,$0,$0
6.11773604596965,$121,$0,$0,$0,$0,$17,$ae,$0,$0
6.1710228609154,$121,$0,$0,$0,$0,$17,$ae,$0,$0
6.223615536931902,$121,$0,$0,$7,$0,$17,$ae,$7,$0
6.243737123906612,$131,$0,$1,$0,$0,$0,$0,$0
6.278525686939247,$121,$0,$0,$47,$0,$17,$ae,$47,$0
6.333208644995466,$121,$0,$0,$96,$0,$17,$ae,$96,$0
6.333527251961641,$119,$0,$0,$1,$0,$0,$0,$0,$0
6.333749506971799,$101,$f,$1d,$0
6.3874923209659755,$121,$0,$0,$f4,$0,$17,$ae,$f4,$0
6.398454971960746,$131,$0,$0,$1,$0,$0,$0,$0
6.442535946960561,$121,$0,$0,$60,$1,$17,$ae,$60,$1
6.496618240955286,$121,$0,$0,$da,$1,$17,$ae,$da,$1
6.551881033927202,$121,$0,$0,$62,$2,$17,$ae,$62,$2
6.580098793958314,$131,$0,$0,$0,$0,$0,$0,$0
6.606272328994237,$121,$0,$0,$f8,$2,$17,$ae,$f8,$2
6.659994898014702,$131,$0,$1,$0,$0,$0,$0,$0
6.661717747920193,$121,$0,$0,$9b,$3,$17,$ae,$9b,$3
6.716886586975306,$121,$0,$0,$4a,$4,$17,$ae,$4a,$4
6.769996659015305,$121,$0,$0,$6,$5,$17,$ae,$6,$5
6.812880269950256,$131,$0,$1,$1,$0,$0,$0,$0
6.824798701913096,$121,$0,$0,$cd,$5,$17,$ae,$cd,$5
6.8364092209376395,$131,$0,$0,$1,$0,$0,$0,$0
6.879391602938995,$121,$0,$0,$a0,$6,$17,$ae,$a0,$6
6.879631917923689,$119,$0,$0,$0,$0,$0,$0,$0,$1
6.879809789941646,$101,$f,$1d,$1
6.933628913015127,$121,$0,$0,$7d,$7,$17,$ae,$7d,$7
6.93878018297255,$131,$0,$0,$0,$0,$0,$0,$0
6.988263753941283,$121,$0,$0,$65,$8,$17,$ae,$65,$8
7.04265353793744,$121,$0,$0,$56,$9,$17,$ae,$56,$9
7.097289260942489,$121,$0,$0,$50,$a,$17,$ae,$50,$a
7.1517622319515795,$121,$0,$0,$53,$b,$17,$ae,$53,$b
7.203585661947727,$121,$0,$0,$5d,$c,$17,$ae,$5d,$c
7.256444763974287,$121,$0,$0,$6f,$d,$17,$ae,$6f,$d
7.311015920015052,$121,$0,$0,$87,$e,$17,$ae,$87,$e
7.365466239978559,$121,$0,$0,$a4,$f,$17,$ae,$a4,$f
7.417911097989418,$121,$0,$0,$c7,$10,$7e,$25,$c7,$10
7.41836147790309,$122,$49,$5c,$68,$a1,$17
7.418564367922954,$101,$12,$5,$0
7.418651312938891,$112,$0,$0,$0,$0,$ea,$0
7.418711259961128,$114,$0,$0,$0,$0,$0,$0,$57
7.418762755929492,$119,$0,$0,$1,$0,$0,$0,$0,$2
7.473680479917675,$121,$0,$0,$ee,$11,$7e,$25,$ee,$11
7.508981048013084,$131,$0,$0,$0,$0,$1,$0,$0
7.527475403971039,$121,$0,$0,$18,$13,$7e,$25,$18,$13
7.580938741913997,$121,$0,$0,$45,$14,$7e,$25,$45,$14
7.634979392983951,$121,$0,$0,$75,$15,$7e,$25,$75,$15
7.68715373496525,$131,$0,$0,$0,$0,$0,$0,$0
7.689545175991952,$121,$0,$0,$a5,$16,$7e,$25,$a5,$16
7.739291438949294,$131,$0,$0,$0,$0,$1,$0,$0
7.744632350979373,$121,$0,$0,$d6,$17,$7e,$25,$d6,$17
7.799164499971084,$121,$0,$0,$7,$19,$7e,$25,$7,$19
7.813647062983364,$131,$0,$0,$0,$0,$0,$0,$0
7.853673786972649,$121,$0,$0,$36,$1a,$7e,$25,$36,$1a
7.8933680969057605,$131,$0,$0,$0,$0,$1,$0,$0
7.908461443963461,$121,$0,$0,$64,$1b,$7e,$25,$64,$1b
7.944204267929308,$131,$0,$0,$0,$0,$0,$0,$0
7.963415759964846,$121,$0,$0,$90,$1c,$7e,$25,$90,$1c
7.963569813990034,$119,$0,$0,$0,$0,$0,$0,$0,$3
7.963636227999814,$101,$12,$5,$1
8.01838758890517,$121,$0,$0,$b8,$1d,$7e,$25,$b8,$1d
8.022260906989686,$131,$0,$0,$0,$0,$1,$0,$0
8.073415163904428,$131,$0,$0,$0,$0,$0,$0,$0
8.073706213966943,$121,$0,$0,$dc,$1e,$7e,$25,$dc,$1e
8.128161348984577,$121,$0,$0,$fb,$1f,$7e,$25,$fb,$1f
8.152050592936575,$131,$0,$0,$0,$0,$1,$0,$0
8.182993058930151,$121,$0,$0,$15,$21,$7e,$25,$15,$21
8.202441346016712,$131,$0,$0,$0,$0,$0,$0,$0
8.236968526965939,$121,$0,$0,$29,$22,$7e,$25,$29,$22
8.29205315397121,$121,$0,$0,$36,$23,$7e,$25,$36,$23
8.346860324963927,$121,$0,$0,$3b,$24,$7e,$25,$3b,$24
8.39750743994955,$121,$0,$0,$38,$25,$7e,$25,$38,$25
8.452574705937877,$121,$0,$0,$2c,$26,$7e,$25,$2c,$26
8.506860937923193,$121,$0,$0,$17,$27,$7e,$25,$17,$27
8.507087890990078,$119,$0,$0,$1,$0,$0,$0,$0,$4
8.50721364992205,$101,$12,$5,$0
8.559355036006309,$121,$0,$0,$f8,$27,$7e,$25,$f8,$27
8.614103968953714,$121,$0,$0,$ce,$28,$7e,$25,$ce,$28
8.669607213931158,$121,$0,$0,$99,$29,$7e,$25,$99,$29
8.724893470993266,$121,$0,$0,$59,$2a,$7e,$25,$59,$2a
8.779557963949628,$121,$0,$0,$c,$2b,$7e,$25,$c,$2b
8.834263321012259,$121,$0,$0,$b3,$2b,$7e,$25,$b3,$2b
8.886545727960765,$121,$0,$0,$4d,$2c,$7e,$25,$4d,$2c
8.940575992921367,$121,$0,$0,$da,$2c,$7e,$25,$da,$2c
8.994948428007774,$121,$0,$0,$58,$2d,$7e,$25,$58,$2d
9.050165530992672,$121,$0,$0,$c9,$2d,$7e,$25,$c9,$2d
9.050503351958469,$119,$0,$0,$0,$0,$0,$0,$0,$0
9.050716777914204,$101,$12,$5,$1
9.102479877998121,$121,$0,$0,$2c,$2e,$7e,$25,$2c,$2e
9.15718487999402,$121,$0,$0,$80,$2e,$7e,$25,$80,$2e
9.211214631912299,$121,$0,$0,$c5,$2e,$7e,$25,$c5,$2e
9.25433362298645,$131,$0,$0,$0,$0,$1,$0,$0
9.265537309926003,$121,$0,$0,$fb,$2e,$7e,$25,$e0,$2e
9.320706877973862,$121,$0,$0,$23,$2f,$7e,$25,$e0,$2e
9.375043457956053,$121,$0,$0,$3b,$2f,$7e,$25,$e0,$2e
9.426403673947789,$121,$0,$0,$43,$2f,$7e,$25,$e0,$2e
9.477193154976703,$121,$0,$0,$3d,$2f,$7e,$25,$e0,$2e
9.53120800491888,$121,$0,$0,$27,$2f,$7e,$25,$e0,$2e
9.586688508978114,$121,$0,$0,$3,$2f,$b7,$9c,$e0,$2e
9.586893313913606,$122,$34,$f,$3d,$e,$42
9.587192644947208,$101,$35,$1,$0
9.587401903932914,$112,$0,$0,$0,$0,$d8,$0
9.587463564006612,$114,$0,$0,$0,$0,$0,$0,$61
9.587515990948305,$119,$0,$0,$1,$0,$0,$0,$0,$1
9.639800834935158,$121,$0,$0,$cf,$2e,$b7,$9c,$cf,$2e
9.694487866014242,$121,$0,$0,$8c,$2e,$b7,$9c,$8c,$2e
9.749181118910201,$121,$0,$0,$3a,$2e,$b7,$9c,$3a,$2e
9.801679815980606,$121,$0,$0,$da,$2d,$b7,$9c,$da,$2d
9.85631372500211,$121,$0,$0,$6b,$2d,$b7,$9c,$6b,$2d
9.911675174953416,$121,$0,$0,$ef,$2c,$b7,$9c,$ef,$2c
9.966063151950948,$121,$0,$0,$64,$2c,$b7,$9c,$64,$2c
10.019857514998876,$121,$0,$0,$cd,$2b,$b7,$9c,$cd,$2b
10.074390199966729,$121,$0,$0,$28,$2b,$b7,$9c,$28,$2b
10.129494493012317,$121,$0,$0,$76,$2a,$b7,$9c,$76,$2a
10.129706271924078,$119,$0,$0,$0,$0,$0,$0,$0,$2
10.13001062499825,$101,$35,$1,$1
10.182149861939251,$121,$0,$0,$b9,$29,$b7,$9c,$b9,$29
10.236812296905555,$121,$0,$0,$ef,$28,$b7,$9c,$ef,$28
10.291863483958878,$121,$0,$0,$1b,$28,$b7,$9c,$1b,$28
10.345926382928155,$121,$0,$0,$3c,$27,$b7,$9c,$3c,$27
10.40095769194886,$121,$0,$0,$52,$26,$b7,$9c,$52,$26
10.454644821002148,$121,$0,$0,$5f,$25,$b7,$9c,$5f,$25
10.509108452941291,$121,$0,$0,$64,$24,$b7,$9c,$64,$24
10.563965845969506,$121,$0,$0,$60,$23,$b7,$9c,$60,$23
10.61817692394834,$121,$0,$0,$54,$22,$b7,$9c,$54,$22
10.673205608967692,$121,$0,$0,$41,$21,$b7,$9c,$41,$21
10.67347218701616,$119,$0,$0,$1,$0,$0,$0,$0,$3
10.673543309909292,$101,$35,$1,$0
10.726500888937153,$121,$0,$0,$29,$20,$b7,$9c,$29,$20
10.777778895921074,$121,$0,$0,$a,$1f,$b7,$9c,$a,$1f
10.831210265983827,$121,$0,$0,$e7,$1d,$b7,$9c,$e7,$1d
10.885811029933393,$121,$0,$0,$bf,$1c,$b7,$9c,$bf,$1c
10.937270088936202,$121,$0,$0,$94,$1b,$b7,$9c,$94,$1b
10.991823051939718,$121,$0,$0,$67,$1a,$b7,$9c,$67,$1a
11.046184874954633,$121,$0,$0,$37,$19,$b7,$9c,$37,$19
11.100863602943718,$121,$0,$0,$7,$18,$b7,$9c,$7,$18
11.156126161920838,$121,$0,$0,$d6,$16,$b7,$9c,$d6,$16
11.211487471940927,$121,$0,$0,$a5,$15,$b7,$9c,$a5,$15
11.211632548016496,$119,$0,$0,$0,$0,$0,$0,$0,$4
11.21193615894299,$101,$35,$1,$1
11.266441600979306,$121,$0,$0,$76,$14,$b7,$9c,$76,$14
11.32018421695102,$121,$0,$0,$48,$13,$b7,$9c,$48,$13
11.375651236972772,$121,$0,$0,$1d,$12,$b7,$9c,$1d,$12
11.431025650002994,$121,$0,$0,$f6,$10,$b7,$9c,$f6,$10
11.486221125000156,$121,$0,$0,$d2,$f,$b7,$9c,$d2,$f
11.541107098921202,$121,$0,$0,$b4,$e,$b7,$9c,$b4,$e
11.59520561795216,$121,$0,$0,$9b,$d,$b7,$9c,$9b,$d
11.634013626957312,$131,$0,$0,$0,$0,$0,$0,$0
11.645794551935978,$121,$0,$0,$89,$c,$b7,$9c,$89,$c
11.70056809997186,$121,$0,$0,$7d,$b,$b7,$9c,$7d,$b
11.75571353500709,$121,$0,$0,$79,$a,$11,$6b,$79,$a
11.755874110967852,$122,$44,$f,$7f,$40,$2e
11.756137422984466,$101,$19,$22,$0
11.756308698910289,$112,$0,$0,$0,$0,$64,$1
11.756391850998625,$114,$0,$0,$0,$0,$0,$0,$61
11.75645446497947,$119,$0,$0,$1,$0,$0,$0,$0,$0
11.809915495919995,$121,$0,$0,$7d,$9,$11,$6b,$7d,$9
11.864547354984097,$121,$0,$0,$8b,$8,$11,$6b,$8b,$8
11.916677364963107,$121,$0,$0,$a1,$7,$11,$6b,$a1,$7
11.972266423981637,$121,$0,$0,$c2,$6,$11,$6b,$c2,$6
12.027321000932716,$121,$0,$0,$ee,$5,$11,$6b,$ee,$5
12.082698179990984,$121,$0,$0,$25,$5,$11,$6b,$25,$5
12.137531120912172,$121,$0,$0,$67,$4,$11,$6b,$67,$4
12.192327296012081,$121,$0,$0,$b6,$3,$11,$6b,$b6,$3
12.247474187985063,$121,$0,$0,$11,$3,$11,$6b,$11,$3
12.302642519003712,$121,$0,$0,$79,$2,$11,$6b,$79,$2
12.302880879957229,$119,$0,$0,$0,$0,$0,$0,$0,$1
12.303019630955532,$101,$19,$22,$1
12.357653351966292,$121,$0,$0,$ef,$1,$11,$6b,$ef,$1
12.410880388924852,$121,$0,$0,$73,$1,$11,$6b,$73,$1
12.465366276912391,$121,$0,$0,$4,$1,$11,$6b,$4,$1
12.519263967988081,$121,$0,$0,$a4,$0,$11,$6b,$a4,$0
12.573280340991914,$121,$0,$0,$53,$0,$11,$6b,$53,$0
12.628387524979189,$121,$0,$0,$10,$0,$11,$6b,$10,$0
12.68345008394681,$121,$0,$0,$0,$0,$11,$6b,$0,$0
12.738442608970217,$121,$0,$0,$0,$0,$11,$6b,$0,$0
12.793480766005814,$121,$0,$0,$0,$0,$11,$6b,$0,$0
12.844805773929693,$121,$0,$0,$0,$0,$11,$6b,$0,$0
12.844950628932565,$119,$0,$0,$1,$0,$0,$0,$0,$2
12.845022329012863,$101,$19,$22,$0
12.899657369940542,$121,$0,$0,$0,$0,$11,$6b,$0,$0
12.953990923939273,$121,$0,$0,$0,$0,$11,$6b,$0,$0
13.0083766420139,$121,$0,$0,$0,$0,$11,$6b,$0,$0
13.0609959079884,$121,$0,$0,$1b,$0,$11,$6b,$1b,$0
13.115984958945774,$121,$0,$0,$60,$0,$11,$6b,$60,$0
13.170208761934191,$121,$0,$0,$b4,$0,$11,$6b,$b4,$0
13.223517718957737,$121,$0,$0,$17,$1,$11,$6b,$17,$1
13.278566021006554,$121,$0,$0,$88,$1,$11,$6b,$88,$1
13.331906521925703,$121,$0,$0,$7,$2,$11,$6b,$7,$2
13.385561343980953,$121,$0,$0,$93,$2,$11,$6b,$93,$2
13.385740209952928,$119,$0,$0,$0,$0,$0,$0,$0,$3
13.385911099961959,$101,$19,$22,$1
13.44110265490599,$121,$0,$0,$2d,$3,$11,$6b,$2d,$3
13.496411568950862,$121,$0,$0,$d4,$3,$11,$6b,$d4,$3
13.548516461974941,$121,$0,$0,$88,$4,$11,$6b,$88,$4
13.603913671919145,$121,$0,$0,$47,$5,$11,$6b,$47,$5
13.659109318978153,$121,$0,$0,$13,$6,$11,$6b,$13,$6
13.713723030989058,$121,$0,$0,$e9,$6,$11,$6b,$e9,$6
13.768424220965244,$121,$0,$0,$ca,$7,$11,$6b,$ca,$7
13.819955525919795,$121,$0,$0,$b5,$8,$11,$6b,$b5,$8
13.872991251992062,$121,$0,$0,$a9,$9,$11,$6b,$a9,$9
13.924735391978174,$121,$0,$0,$a6,$a,$2e,$7f,$a6,$a
13.925129713956267,$122,$a6,$28,$bc,$f1,$25
13.925271402928047,$101,$6c,$6,$0
13.925445795990527,$112,$0,$0,$0,$0,$f9,$0
13.925621022935957,$114,$0,$0,$0,$0,$0,$0,$4
13.925699327955954,$119,$0,$0,$1,$0,$0,$0,$0,$4
13.980358772911131,$121,$0,$0,$ac,$b,$2e,$7f,$ac,$b
14.03533789596986,$121,$0,$0,$b9,$c,$2e,$7f,$b9,$c
14.089028777903877,$121,$0,$0,$cc,$d,$2e,$7f,$cc,$d
14.144585852976888,$121,$0,$0,$e6,$e,$2e,$7f,$e6,$e
14.200414731982164,$121,$0,$0,$6,$10,$2e,$7f,$6,$10
14.255260027945042,$121,$0,$0,$2a,$11,$2e,$7f,$2a,$11
14.309667930938303,$121,$0,$0,$52,$12,$2e,$7f,$52,$12
14.364575135987252,$121,$0,$0,$7d,$13,$2e,$7f,$7d,$13
14.415919816005044,$121,$0,$0,$ab,$14,$2e,$7f,$ab,$14
14.46944487199653,$121,$0,$0,$db,$15,$2e,$7f,$db,$15
14.469770769006573,$119,$0,$0,$0,$0,$0,$0,$0,$0
14.469963790965267,$101,$6c,$6,$1
14.523505555000156,$121,$0,$0,$c,$17,$2e,$7f,$c,$17
14.57733095891308,$121,$0,$0,$3d,$18,$2e,$7f,$3d,$18
14.632113236933947,$121,$0,$0,$6d,$19,$2e,$7f,$6d,$19
14.686597144929692,$121,$0,$0,$9c,$1a,$2e,$7f,$9c,$1a
14.741556311957538,$121,$0,$0,$c9,$1b,$2e,$7f,$c9,$1b
14.79366885800846,$121,$0,$0,$f4,$1c,$2e,$7f,$f4,$1c
14.848788892966695,$121,$0,$0,$1b,$1e,$2e,$7f,$1b,$1e
14.901378676993772,$121,$0,$0,$3d,$1f,$2e,$7f,$3d,$1f
14.955531955929473,$121,$0,$0,$5b,$20,$2e,$7f,$5b,$20
15.008679062011652,$121,$0,$0,$73,$21,$2e,$7f,$73,$21
15.00909711595159,$119,$0,$0,$1,$0,$0,$0,$0,$1
15.009678305941634,$101,$6c,$6,$0
15.064467496005818,$121,$0,$0,$84,$22,$2e,$7f,$84,$22
15.116638083010912,$121,$0,$0,$8e,$23,$2e,$7f,$8e,$23
15.171576241962612,$121,$0,$0,$91,$24,$2e,$7f,$91,$24
15.224529152968898,$121,$0,$0,$8b,$25,$2e,$7f,$8b,$25
15.277764295926318,$121,$0,$0,$7c,$26,$2e,$7f,$7c,$26
15.332082659937441,$121,$0,$0,$64,$27,$2e,$7f,$64,$27
15.384680100949481,$121,$0,$0,$41,$28,$2e,$7f,$41,$28
15.439274600939825,$121,$0,$0,$14,$29,$2e,$7f,$14,$29
15.489811329985969,$121,$0,$0,$db,$29,$2e,$7f,$db,$29
15.54652102093678,$121,$0,$0,$97,$2a,$2e,$7f,$97,$2a
15.546746540931053,$119,$0,$0,$0,$0,$0,$0,$0,$2
15.546863385941833,$101,$6c,$6,$1
15.600975779932924,$121,$0,$0,$46,$2b,$2e,$7f,$46,$2b
15.656421611900441,$121,$0,$0,$e8,$2b,$2e,$7f,$e8,$2b
15.71091770590283,$121,$0,$0,$7e,$2c,$2e,$7f,$7e,$2c
15.766383828013204,$121,$0,$0,$6,$2d,$2e,$7f,$6,$2d
15.821173698990606,$121,$0,$0,$80,$2d,$2e,$7f,$80,$2d
15.87486475193873,$121,$0,$0,$ec,$2d,$2e,$7f,$ec,$2d
15.929489266010933,$121,$0,$0,$4a,$2e,$2e,$7f,$4a,$2e
15.984385614981875,$121,$0,$0,$99,$2e,$2e,$7f,$99,$2e
16.03917903196998,$121,$0,$0,$d9,$2e,$2e,$7f,$d9,$2e
16.091167222941294,$121,$0,$0,$a,$2f,$ae,$99,$e0,$2e
16.091596095939167,$122,$64,$88,$8c,$bf,$26
16.091819593915716,$101,$51,$a,$0
16.091878326958977,$112,$0,$0,$0,$0,$99,$0
16.09192204591818,$114,$0,$0,$0,$0,$0,$0,$6d
16.091962345992215,$119,$0,$0,$1,$0,$0,$0,$0,$3
16.146578958956525,$121,$0,$0,$2c,$2f,$ae,$99,$e0,$2e
16.200845826999284,$121,$0,$0,$3f,$2f,$ae,$99,$e0,$2e
16.25366003799718,$121,$0,$0,$43,$2f,$ae,$99,$e0,$2e
16.30885627900716,$121,$0,$0,$37,$2f,$ae,$99,$e0,$2e
16.360242340015247,$121,$0,$0,$1d,$2f,$ae,$99,$e0,$2e
16.415547688957304,$121,$0,$0,$f3,$2e,$ae,$99,$e0,$2e
16.469787342008203,$121,$0,$0,$ba,$2e,$ae,$99,$ba,$2e
16.523721007979475,$121,$0,$0,$72,$2e,$ae,$99,$72,$2e
16.57805848296266,$121,$0,$0,$1b,$2e,$ae,$99,$1b,$2e
16.633339475956745,$121,$0,$0,$b6,$2d,$ae,$99,$b6,$2d
16.633517323993146,$119,$0,$0,$0,$0,$0,$0,$0,$4
16.633591093937866,$101,$51,$a,$1
16.68704887398053,$121,$0,$0,$43,$2d,$ae,$99,$43,$2d
16.742374018998817,$121,$0,$0,$c2,$2c,$ae,$99,$c2,$2c
16.796670068986714,$121,$0,$0,$33,$2c,$ae,$99,$33,$2c
16.847593285958283,$121,$0,$0,$97,$2b,$ae,$99,$97,$2b
16.901931639993563,$121,$0,$0,$ed,$2a,$ae,$99,$ed,$2a
16.957108543952927,$121,$0,$0,$38,$2a,$ae,$99,$38,$2a
17.010564955999143,$121,$0,$0,$76,$29,$ae,$99,$76,$29
17.065696120960638,$121,$0,$0,$a9,$28,$ae,$99,$a9,$28
17.120486281928606,$121,$0,$0,$d1,$27,$ae,$99,$d1,$27
17.173480422934517,$121,$0,$0,$ee,$26,$ae,$99,$ee,$26
17.17364352499135,$119,$0,$0,$1,$0,$0,$0,$0,$0
17.17371252994053,$101,$51,$a,$0
17.228660792927258,$121,$0,$0,$2,$26,$ae,$99,$2,$26
17.28400006191805,$121,$0,$0,$c,$25,$ae,$99,$c,$25
17.337987522943877,$121,$0,$0,$d,$24,$ae,$99,$d,$24
17.392145827994682,$121,$0,$0,$7,$23,$ae,$99,$7,$23
17.447619613958523,$121,$0,$0,$f8,$21,$ae,$99,$f8,$21
17.502225283998996,$121,$0,$0,$e4,$20,$ae,$99,$e4,$20
17.553891717921942,$121,$0,$0,$c9,$1f,$ae,$99,$c9,$1f
17.60913101490587,$121,$0,$0,$a9,$1e,$ae,$99,$a9,$1e
17.6615227869479,$121,$0,$0,$84,$1d,$ae,$99,$84,$1d
17.716602685977705,$121,$0,$0,$5b,$1c,$ae,$99,$5b,$1c
17.716761921998113,$119,$0,$0,$0,$0,$0,$0,$0,$1
17.716900473926216,$101,$51,$a,$1
17.77159366896376,$121,$0,$0,$2f,$1b,$ae,$99,$2f,$1b
17.826993235968985,$121,$0,$0,$1,$1a,$ae,$99,$1,$1a
17.878555818926543,$121,$0,$0,$d1,$18,$ae,$99,$d1,$18
17.933744632988237,$121,$0,$0,$a0,$17,$ae,$99,$a0,$17
17.988268175977282,$121,$0,$0,$6f,$16,$ae,$99,$6f,$16
18.042327169911005,$121,$0,$0,$3f,$15,$ae,$99,$3f,$15
18.096871903981082,$121,$0,$0,$10,$14,$ae,$99,$10,$14
18.15180246892851,$121,$0,$0,$e3,$12,$ae,$99,$e3,$12
18.20351198897697,$121,$0,$0,$b9,$11,$ae,$99,$b9,$11
18.258631384000182,$121,$0,$0,$93,$10,$6e,$99,$93,$10
18.258904534974135,$122,$2a,$14,$78,$b8,$2b
18.25905554590281,$101,$39,$1d,$0
18.25928944197949,$112,$0,$0,$0,$0,$dc,$0
18.25934998993762,$114,$0,$0,$0,$0,$0,$0,$44
18.25939376000315,$119,$0,$0,$1,$0,$0,$0,$0,$2
18.30975791590754,$121,$0,$0,$72,$f,$6e,$99,$72,$f
18.36479474499356,$121,$0,$0,$55,$e,$6e,$99,$55,$e
18.420048302970827,$121,$0,$0,$3e,$d,$6e,$99,$3e,$d
18.473895631963387,$121,$0,$0,$2e,$c,$6e,$99,$2e,$c
18.529237957904115,$121,$0,$0,$25,$b,$6e,$99,$25,$b
18.584301468916237,$121,$0,$0,$23,$a,$6e,$99,$23,$a
18.639340301975608,$121,$0,$0,$2b,$9,$6e,$99,$2b,$9
18.69393137190491,$121,$0,$0,$3b,$8,$6e,$99,$3b,$8
18.7491192339221,$121,$0,$0,$55,$7,$6e,$99,$55,$7
18.802598715992644,$121,$0,$0,$7a,$6,$6e,$99,$7a,$6
18.8028977609938,$119,$0,$0,$0,$0,$0,$0,$0,$3
18.803015686920844,$101,$39,$1d,$1
18.85761680593714,$121,$0,$0,$a9,$5,$6e,$99,$a9,$5
18.91250576497987,$121,$0,$0,$e4,$4,$6e,$99,$e4,$4
18.9675294959452,$121,$0,$0,$2a,$4,$6e,$99,$2a,$4
19.021398548968136,$121,$0,$0,$7d,$3,$6e,$99,$7d,$3
19.075471701915376,$121,$0,$0,$dd,$2,$6e,$99,$dd,$2
19.130684247938916,$121,$0,$0,$49,$2,$6e,$99,$49,$2
19.182229591999203,$121,$0,$0,$c4,$1,$6e,$99,$c4,$1
19.236656832974404,$121,$0,$0,$4c,$1,$6e,$99,$4c,$1
19.291216098004952,$121,$0,$0,$e2,$0,$6e,$99,$e2,$0
19.34566397999879,$121,$0,$0,$87,$0,$6e,$99,$87,$0
19.346175159909762,$119,$0,$0,$1,$0,$0,$0,$0,$4
19.346643222961575,$101,$39,$1d,$0
19.400020611006767,$121,$0,$0,$3a,$0,$6e,$99,$3a,$0
19.45516872301232,$121,$0,$0,$0,$0,$6e,$99,$0,$0
19.508485006983392,$121,$0,$0,$0,$0,$6e,$99,$0,$0
19.56223595899064,$121,$0,$0,$0,$0,$6e,$99,$0,$0
19.617736020009033,$121,$0,$0,$0,$0,$6e,$99,$0,$0
19.668391662999056,$121,$0,$0,$0,$0,$6e,$99,$0,$0
19.7224705289118,$121,$0,$0,$0,$0,$6e,$99,$0,$0
19.775695591932163,$121,$0,$0,$0,$0,$6e,$99,$0,$0
19.82964464300312,$121,$0,$0,$0,$0,$6e,$99,$0,$0
19.880069997976534,$121,$0,$0,$30,$0,$6e,$99,$30,$0
19.880452499957755,$119,$0,$0,$0,$0,$0,$0,$0,$0
19.88065026991535,$101,$39,$1d,$1
19.93120659701526,$121,$0,$0,$7b,$0,$6e,$99,$7b,$0
19.98507958301343,$121,$0,$0,$d4,$0,$6e,$99,$d4,$0
20.0364001019625,$121,$0,$0,$3b,$1,$6e,$99,$3b,$1
20.08764036791399,$121,$0,$0,$b1,$1,$6e,$99,$b1,$1
20.14262029598467,$121,$0,$0,$34,$2,$6e,$99,$34,$2
20.197118636919186,$121,$0,$0,$c6,$2,$6e,$99,$c6,$2
20.252265193965286,$121,$0,$0,$64,$3,$6e,$99,$64,$3
20.307197773014195,$121,$0,$0,$f,$4,$6e,$99,$f,$4
20.36134438891895,$121,$0,$0,$c7,$4,$6e,$99,$c7,$4
20.41688219597563,$121,$0,$0,$8a,$5,$75,$e,$8a,$5
20.417342062923126,$122,$2b,$c,$8f,$e3,$11
20.417502294993028,$101,$75,$20,$0
20.417776489979587,$112,$0,$0,$0,$0,$ae,$1
20.417856793967076,$114,$0,$0,$0,$0,$0,$0,$14
20.41791552794166,$119,$0,$0,$1,$0,$0,$0,$0,$1
20.472917570965365,$121,$0,$0,$5a,$6,$75,$e,$5a,$6
20.526131900958717,$121,$0,$0,$33,$7,$75,$e,$33,$7
20.581302335951477,$121,$0,$0,$18,$8,$75,$e,$18,$8
20.63512448198162,$121,$0,$0,$6,$9,$75,$e,$6,$9
20.68664475600235,$121,$0,$0,$fd,$9,$75,$e,$fd,$9
20.737307266914286,$121,$0,$0,$fd,$a,$75,$e,$fd,$a
20.792389579000883,$121,$0,$0,$5,$c,$75,$e,$5,$c
20.84415020700544,$121,$0,$0,$15,$d,$75,$e,$15,$d
20.896880195941776,$121,$0,$0,$2b,$e,$75,$e,$2b,$e
20.949185036006384,$121,$0,$0,$46,$f,$75,$e,$46,$f
20.9496118449606,$119,$0,$0,$0,$0,$0,$0,$0,$2
20.949838210945018,$101,$75,$20,$1
21.003023020923138,$121,$0,$0,$67,$10,$75,$e,$67,$10
21.056454324978404,$121,$0,$0,$8d,$11,$75,$e,$8d,$11
21.111062714946456,$121,$0,$0,$b6,$12,$75,$e,$b6,$12
21.16615110600833,$121,$0,$0,$e3,$13,$75,$e,$e3,$13
21.21976663696114,$121,$0,$0,$11,$15,$75,$e,$11,$15
21.27375971490983,$121,$0,$0,$41,$16,$75,$e,$41,$16
21.328645778936334,$121,$0,$0,$72,$17,$75,$e,$72,$17
21.382347833015956,$121,$0,$0,$a3,$18,$75,$e,$a3,$18
21.435447632917203,$121,$0,$0,$d3,$19,$75,$e,$d3,$19
21.489373172982596,$121,$0,$0,$2,$1b,$75,$e,$2,$1b
21.48960270092357,$119,$0,$0,$1,$0,$0,$0,$0,$3
21.489676411962137,$101,$75,$20,$0
21.54496404400561,$121,$0,$0,$2e,$1c,$75,$e,$2e,$1c
21.596521529951133,$121,$0,$0,$57,$1d,$75,$e,$57,$1d
21.65153558901511,$121,$0,$0,$7d,$1e,$75,$e,$7d,$1e
21.703621253953315,$121,$0,$0,$9e,$1f,$75,$e,$9e,$1f
21.757020792923868,$121,$0,$0,$b9,$20,$75,$e,$b9,$20
21.811268509016372,$121,$0,$0,$cf,$21,$75,$e,$cf,$21
21.865844790940173,$121,$0,$0,$de,$22,$75,$e,$de,$22
21.919654296012595,$121,$0,$0,$e6,$23,$75,$e,$e6,$23
21.971320874989033,$121,$0,$0,$e6,$24,$75,$e,$e6,$24
22.024268101900816,$121,$0,$0,$dd,$25,$75,$e,$dd,$25
22.02439409098588,$119,$0,$0,$0,$0,$0,$0,$0,$4
22.02446138090454,$101,$75,$20,$1
22.07923553395085,$121,$0,$0,$cb,$26,$75,$e,$cb,$26
22.131228195969015,$121,$0,$0,$af,$27,$75,$e,$af,$27
22.185684637981467,$121,$0,$0,$89,$28,$75,$e,$89,$28
22.241010297904722,$121,$0,$0,$58,$29,$75,$e,$58,$29
22.296082994900644,$121,$0,$0,$1b,$2a,$75,$e,$1b,$2a
22.34823774197139,$121,$0,$0,$d3,$2a,$75,$e,$d3,$2a
22.400639940984547,$121,$0,$0,$7e,$2b,$75,$e,$7e,$2b
22.455014206003398,$121,$0,$0,$1c,$2c,$75,$e,$1c,$2c
22.509310856927186,$121,$0,$0,$ad,$2c,$75,$e,$ad,$2c
22.56392588093877,$121,$0,$0,$30,$2d,$45,$c3,$30,$2d
22.56417516991496,$122,$69,$c,$ae,$f2,$5e
22.564556061988696,$101,$18,$29,$0
22.564638373907655,$112,$0,$0,$0,$0,$13,$1
22.564696565968916,$114,$0,$0,$0,$0,$0,$0,$2e
22.564749600016512,$119,$0,$0,$1,$0,$0,$0,$0,$0
22.617361605982296,$121,$0,$0,$a6,$2d,$45,$c3,$a6,$2d
22.671097114915028,$121,$0,$0,$d,$2e,$45,$c3,$d,$2e
22.723976272973232,$121,$0,$0,$66,$2e,$45,$c3,$66,$2e
22.77818537200801,$121,$0,$0,$b0,$2e,$45,$c3,$b0,$2e
22.83251299895346,$121,$0,$0,$eb,$2e,$45,$c3,$e0,$2e
22.888135937973857,$121,$0,$0,$17,$2f,$45,$c3,$e0,$2e
22.940889762947336,$121,$0,$0,$34,$2f,$45,$c3,$e0,$2e
22.996344269951805,$121,$0,$0,$42,$2f,$45,$c3,$e0,$2e
23.050668151001446,$121,$0,$0,$41,$2f,$45,$c3,$e0,$2e
23.105204688967206,$121,$0,$0,$30,$2f,$45,$c3,$e0,$2e
23.105322077986784,$119,$0,$0,$0,$0,$0,$0,$0,$1
23.105375821935013,$101,$18,$29,$1
23.15884902596008,$121,$0,$0,$10,$2f,$45,$c3,$e0,$2e
23.209878096939065,$121,$0,$0,$e1,$2e,$45,$c3,$e0,$2e
23.26527029997669,$121,$0,$0,$a3,$2e,$45,$c3,$a3,$2e
23.318402652977966,$121,$0,$0,$57,$2e,$45,$c3,$57,$2e
23.37312112201471,$121,$0,$0,$fb,$2d,$45,$c3,$fb,$2d
23.42852439498529,$121,$0,$0,$91,$2d,$45,$c3,$91,$2d
23.483667048974894,$121,$0,$0,$19,$2d,$45,$c3,$19,$2d
23.53751617798116,$121,$0,$0,$93,$2c,$45,$c3,$93,$2c
23.591560296015814,$121,$0,$0,$0,$2c,$45,$c3,$0,$2c
23.646271399920806,$121,$0,$0,$5f,$2b,$45,$c3,$5f,$2b
23.646549995988607,$119,$0,$0,$1,$0,$0,$0,$0,$2
23.646824885974638,$101,$18,$29,$0
23.6983712449437,$121,$0,$0,$b2,$2a,$45,$c3,$b2,$2a
23.75292611599434,$121,$0,$0,$f8,$29,$45,$c3,$f8,$29
23.804244629922323,$121,$0,$0,$32,$29,$45,$c3,$32,$29
23.857757708989084,$121,$0,$0,$62,$28,$45,$c3,$62,$28
23.9125143509591,$121,$0,$0,$86,$27,$45,$c3,$86,$27
23.966882811975665,$121,$0,$0,$a0,$26,$45,$c3,$a0,$26
24.022157022962347,$121,$0,$0,$b0,$25,$45,$c3,$b0,$25
24.076996098970994,$121,$0,$0,$b7,$24,$45,$c3,$b7,$24
24.130301564000547,$121,$0,$0,$b6,$23,$45,$c3,$b6,$23
24.184610983007587,$121,$0,$0,$ac,$22,$45,$c3,$ac,$22
24.18483129190281,$119,$0,$0,$0,$0,$0,$0,$0,$3
24.18506627297029,$101,$18,$29,$1
24.239669303991832,$121,$0,$0,$9c,$21,$45,$c3,$9c,$21
24.291628359933384,$121,$0,$0,$85,$20,$45,$c3,$85,$20
24.34518748591654,$121,$0,$0,$68,$1f,$45,$c3,$68,$1f
24.397141091991216,$121,$0,$0,$47,$1e,$45,$c3,$47,$1e
24.45223862095736,$121,$0,$0,$20,$1d,$45,$c3,$20,$1d
24.50774090795312,$121,$0,$0,$f6,$1b,$45,$c3,$f6,$1b
24.562873514951207,$121,$0,$0,$ca,$1a,$45,$c3,$ca,$1a
24.614264528965577,$121,$0,$0,$9b,$19,$45,$c3,$9b,$19
24.668857084936462,$121,$0,$0,$6a,$18,$45,$c3,$6a,$18
24.72364048694726,$121,$0,$0,$3a,$17,$c1,$26,$3a,$17
24.724063346977346,$122,$ad,$95,$1a,$9e,$1d
24.724220243981108,$101,$e8,$d,$0
24.724508454906754,$112,$0,$0,$0,$0,$3c,$1
24.724632739904337,$114,$0,$0,$0,$0,$0,$0,$4f
24.72471834497992,$119,$0,$0,$1,$0,$0,$0,$0,$4
24.77621649496723,$121,$0,$0,$9,$16,$c1,$26,$9,$16
24.830497391987592,$121,$0,$0,$d9,$14,$c1,$26,$d9,$14
24.88551973400172,$121,$0,$0,$ab,$13,$c1,$26,$ab,$13
24.93723325501196,$121,$0,$0,$7f,$12,$c1,$26,$7f,$12
24.99239356594626,$121,$0,$0,$56,$11,$c1,$26,$56,$11
25.047597682918422,$121,$0,$0,$31,$10,$c1,$26,$31,$10
25.10126655001659,$121,$0,$0,$11,$f,$c1,$26,$11,$f
25.155835637939163,$121,$0,$0,$f6,$d,$c1,$26,$f6,$d
25.207882577902637,$121,$0,$0,$e2,$c,$c1,$26,$e2,$c
25.263025115942582,$121,$0,$0,$d4,$b,$c1,$26,$d4,$b
25.263351521920413,$119,$0,$0,$0,$0,$0,$0,$0,$0
25.263602741993964,$101,$e8,$d,$1
25.318198628956452,$121,$0,$0,$cd,$a,$c1,$26,$cd,$a
25.36884538899176,$121,$0,$0,$cf,$9,$c1,$26,$cf,$9
25.423225617967546,$121,$0,$0,$d9,$8,$c1,$26,$d9,$8
25.477659581927583,$121,$0,$0,$ed,$7,$c1,$26,$ed,$7
25.532227523974143,$121,$0,$0,$a,$7,$c1,$26,$a,$7
